*** Now run 'make gdb'.
***
6828 decimal is 15254 octal!
x=3 y=1604
entering test_backtrace 5
entering test_backtrace 4
entering test_backtrace 3
entering test_backtrace 2
entering test_backtrace 1
entering test_backtrace 0
  ebp f0117f18  eip f0100087  args 00000000 00000000 00000000 00000000 f0100984 
	     kern/init.c:19: test_backtrace+71
  ebp f0117f38  eip f0100069  args 00000000 00000001 f0117f78 00000000 f0100984 
	     kern/init.c:16: test_backtrace+41
  ebp f0117f58  eip f0100069  args 00000001 00000002 f0117f98 00000000 f0100984 
	     kern/init.c:16: test_backtrace+41
  ebp f0117f78  eip f0100069  args 00000002 00000003 f0117fb8 00000000 f0100984 
	     kern/init.c:16: test_backtrace+41
  ebp f0117f98  eip f0100069  args 00000003 00000004 00000000 00000000 00000000 
	     kern/init.c:16: test_backtrace+41
  ebp f0117fb8  eip f0100069  args 00000004 00000005 00000000 00010074 00010074 
	     kern/init.c:16: test_backtrace+41
  ebp f0117fd8  eip f01000fe  args 00000005 00000003 00000644 00000000 00000000 
	     kern/init.c:48: i386_init+97
  ebp f0117ff8  eip f010003e  args 00119021 00000000 00000000 00000000 00000000 
	     kern/entry.S:83: <unknown>+0
leaving test_backtrace 0
leaving test_backtrace 1
leaving test_backtrace 2
leaving test_backtrace 3
leaving test_backtrace 4
leaving test_backtrace 5
Welcome to the JOS kernel monitor!
Type 'help' for a list of commands.
qemu: terminating on signal 15 from pid 5255
